  [1m[36mUser Load (1.1ms)[0m  [1mSELECT "users".* FROM "users"[0m
SQLite3::SQLException: no such table: users: SELECT "users".* FROM "users"
  [1m[36m (3.1ms)[0m  [1mCREATE TABLE "schema_migrations" ("version" varchar NOT NULL) [0m
  [1m[35m (0.2ms)[0m  select sqlite_version(*)
  [1m[36m (1.8ms)[0m  [1mCREATE UNIQUE INDEX "unique_schema_migrations" ON "schema_migrations" ("version")[0m
  [1m[35mActiveRecord::SchemaMigration Load (0.1ms)[0m  SELECT "schema_migrations".* FROM "schema_migrations"
Migrating to CreateUsers (20150322191621)
  [1m[36m (0.1ms)[0m  [1mbegin transaction[0m
DEPRECATION WARNING: `#timestamp` was called without specifying an option for `null`. In Rails 5, this behavior will change to `null: false`. You should manually specify `null: true` to prevent the behavior of your existing migrations from changing. (called from block in change at /Users/student/Desktop/DBC/Dabunk/db/migrate/20150322191621_create_users.rb:9)
  [1m[35m (0.7ms)[0m  CREATE TABLE "users" ("id" INTEGER PRIMARY KEY AUTOINCREMENT NOT NULL, "name" varchar, "email" varchar, "type" varchar, "password_digest" varchar, "created_at" datetime, "updated_at" datetime) 
  [1m[36mSQL (0.3ms)[0m  [1mINSERT INTO "schema_migrations" ("version") VALUES (?)[0m  [["version", "20150322191621"]]
  [1m[35m (1.6ms)[0m  commit transaction
Migrating to CreateUndergraduates (20150322191840)
  [1m[36m (0.1ms)[0m  [1mbegin transaction[0m
  [1m[35m (0.6ms)[0m  CREATE TABLE "undergraduates" ("id" INTEGER PRIMARY KEY AUTOINCREMENT NOT NULL, "grade" varchar, "hometown" varchar, "activities" varchar, "major" varchar, "minor" varchar, "created_at" datetime NOT NULL, "updated_at" datetime NOT NULL) 
  [1m[36mSQL (0.2ms)[0m  [1mINSERT INTO "schema_migrations" ("version") VALUES (?)[0m  [["version", "20150322191840"]]
  [1m[35m (1.7ms)[0m  commit transaction
Migrating to CreateHighSchoolers (20150322192037)
  [1m[36m (0.2ms)[0m  [1mbegin transaction[0m
  [1m[35m (0.5ms)[0m  CREATE TABLE "high_schoolers" ("id" INTEGER PRIMARY KEY AUTOINCREMENT NOT NULL, "created_at" datetime NOT NULL, "updated_at" datetime NOT NULL) 
  [1m[36mSQL (0.2ms)[0m  [1mINSERT INTO "schema_migrations" ("version") VALUES (?)[0m  [["version", "20150322192037"]]
  [1m[35m (1.8ms)[0m  commit transaction
Migrating to CreateBookmarks (20150322194102)
  [1m[36m (0.1ms)[0m  [1mbegin transaction[0m
  [1m[35m (0.8ms)[0m  CREATE TABLE "bookmarks" ("id" INTEGER PRIMARY KEY AUTOINCREMENT NOT NULL, "high_schooler_id" integer, "undergraduate_id" integer, "created_at" datetime NOT NULL, "updated_at" datetime NOT NULL) 
  [1m[36mSQL (0.4ms)[0m  [1mINSERT INTO "schema_migrations" ("version") VALUES (?)[0m  [["version", "20150322194102"]]
  [1m[35m (1.7ms)[0m  commit transaction
Migrating to CreatePhotos (20150322194456)
  [1m[36m (0.1ms)[0m  [1mbegin transaction[0m
  [1m[35m (0.5ms)[0m  CREATE TABLE "photos" ("id" INTEGER PRIMARY KEY AUTOINCREMENT NOT NULL, "undergraduate_id" integer, "college_id" integer, "category" varchar, "created_at" datetime NOT NULL, "updated_at" datetime NOT NULL) 
  [1m[36mSQL (0.2ms)[0m  [1mINSERT INTO "schema_migrations" ("version") VALUES (?)[0m  [["version", "20150322194456"]]
  [1m[35m (2.2ms)[0m  commit transaction
  [1m[36mActiveRecord::SchemaMigration Load (0.2ms)[0m  [1mSELECT "schema_migrations".* FROM "schema_migrations"[0m
  [1m[36mUser Load (2.1ms)[0m  [1mSELECT "users".* FROM "users"[0m
  [1m[35mUndergraduate Load (0.3ms)[0m  SELECT "users".* FROM "users" WHERE "users"."type" IN ('Undergraduate')
  [1m[36m (2.4ms)[0m  [1mCREATE TABLE "bookmarks" ("id" INTEGER PRIMARY KEY AUTOINCREMENT NOT NULL, "high_schooler_id" integer, "undergraduate_id" integer, "created_at" datetime NOT NULL, "updated_at" datetime NOT NULL) [0m
  [1m[35m (1.5ms)[0m  CREATE TABLE "high_schoolers" ("id" INTEGER PRIMARY KEY AUTOINCREMENT NOT NULL, "created_at" datetime NOT NULL, "updated_at" datetime NOT NULL) 
  [1m[36m (1.4ms)[0m  [1mCREATE TABLE "photos" ("id" INTEGER PRIMARY KEY AUTOINCREMENT NOT NULL, "undergraduate_id" integer, "college_id" integer, "category" varchar, "created_at" datetime NOT NULL, "updated_at" datetime NOT NULL) [0m
  [1m[35m (1.4ms)[0m  CREATE TABLE "undergraduates" ("id" INTEGER PRIMARY KEY AUTOINCREMENT NOT NULL, "grade" varchar, "hometown" varchar, "activities" varchar, "major" varchar, "minor" varchar, "created_at" datetime NOT NULL, "updated_at" datetime NOT NULL) 
  [1m[36m (1.8ms)[0m  [1mCREATE TABLE "users" ("id" INTEGER PRIMARY KEY AUTOINCREMENT NOT NULL, "name" varchar, "email" varchar, "type" varchar, "password_digest" varchar, "created_at" datetime, "updated_at" datetime) [0m
  [1m[35m (2.9ms)[0m  CREATE TABLE "schema_migrations" ("version" varchar NOT NULL) 
  [1m[36m (0.1ms)[0m  [1mselect sqlite_version(*)[0m
  [1m[35m (1.9ms)[0m  CREATE UNIQUE INDEX "unique_schema_migrations" ON "schema_migrations" ("version")
  [1m[36m (0.2ms)[0m  [1mSELECT version FROM "schema_migrations"[0m
  [1m[35m (1.6ms)[0m  INSERT INTO "schema_migrations" (version) VALUES ('20150322194456')
  [1m[36m (3.1ms)[0m  [1mINSERT INTO "schema_migrations" (version) VALUES ('20150322191621')[0m
  [1m[35m (2.7ms)[0m  INSERT INTO "schema_migrations" (version) VALUES ('20150322191840')
  [1m[36m (2.6ms)[0m  [1mINSERT INTO "schema_migrations" (version) VALUES ('20150322192037')[0m
  [1m[35m (3.0ms)[0m  INSERT INTO "schema_migrations" (version) VALUES ('20150322194102')
  [1m[36m (2.0ms)[0m  [1mCREATE TABLE "bookmarks" ("id" INTEGER PRIMARY KEY AUTOINCREMENT NOT NULL, "high_schooler_id" integer, "undergraduate_id" integer, "created_at" datetime NOT NULL, "updated_at" datetime NOT NULL) [0m
  [1m[35m (1.7ms)[0m  CREATE TABLE "high_schoolers" ("id" INTEGER PRIMARY KEY AUTOINCREMENT NOT NULL, "created_at" datetime NOT NULL, "updated_at" datetime NOT NULL) 
  [1m[36m (2.0ms)[0m  [1mCREATE TABLE "photos" ("id" INTEGER PRIMARY KEY AUTOINCREMENT NOT NULL, "undergraduate_id" integer, "college_id" integer, "category" varchar, "created_at" datetime NOT NULL, "updated_at" datetime NOT NULL) [0m
  [1m[35m (1.7ms)[0m  CREATE TABLE "undergraduates" ("id" INTEGER PRIMARY KEY AUTOINCREMENT NOT NULL, "grade" varchar, "hometown" varchar, "activities" varchar, "major" varchar, "minor" varchar, "created_at" datetime NOT NULL, "updated_at" datetime NOT NULL) 
  [1m[36m (1.5ms)[0m  [1mCREATE TABLE "users" ("id" INTEGER PRIMARY KEY AUTOINCREMENT NOT NULL, "name" varchar, "email" varchar, "type" varchar, "password_digest" varchar, "created_at" datetime, "updated_at" datetime) [0m
  [1m[35m (2.1ms)[0m  CREATE TABLE "schema_migrations" ("version" varchar NOT NULL) 
  [1m[36m (0.1ms)[0m  [1mselect sqlite_version(*)[0m
  [1m[35m (1.8ms)[0m  CREATE UNIQUE INDEX "unique_schema_migrations" ON "schema_migrations" ("version")
  [1m[36m (0.2ms)[0m  [1mSELECT version FROM "schema_migrations"[0m
  [1m[35m (2.1ms)[0m  INSERT INTO "schema_migrations" (version) VALUES ('20150322194456')
  [1m[36m (2.8ms)[0m  [1mINSERT INTO "schema_migrations" (version) VALUES ('20150322191621')[0m
  [1m[35m (2.4ms)[0m  INSERT INTO "schema_migrations" (version) VALUES ('20150322191840')
  [1m[36m (5.8ms)[0m  [1mINSERT INTO "schema_migrations" (version) VALUES ('20150322192037')[0m
  [1m[35m (2.6ms)[0m  INSERT INTO "schema_migrations" (version) VALUES ('20150322194102')
  [1m[36mActiveRecord::SchemaMigration Load (0.3ms)[0m  [1mSELECT "schema_migrations".* FROM "schema_migrations"[0m
  [1m[36mUser Load (1.8ms)[0m  [1mSELECT "users".* FROM "users"[0m
  [1m[36mActiveRecord::SchemaMigration Load (0.2ms)[0m  [1mSELECT "schema_migrations".* FROM "schema_migrations"[0m
  [1m[35mActiveRecord::SchemaMigration Load (0.1ms)[0m  SELECT "schema_migrations".* FROM "schema_migrations"
  [1m[36mUser Load (2.4ms)[0m  [1mSELECT "users".* FROM "users"[0m
  [1m[36m (3.0ms)[0m  [1mCREATE TABLE "bookmarks" ("id" INTEGER PRIMARY KEY AUTOINCREMENT NOT NULL, "high_schooler_id" integer, "undergraduate_id" integer, "created_at" datetime NOT NULL, "updated_at" datetime NOT NULL) [0m
  [1m[35m (1.9ms)[0m  CREATE TABLE "high_schoolers" ("id" INTEGER PRIMARY KEY AUTOINCREMENT NOT NULL, "created_at" datetime NOT NULL, "updated_at" datetime NOT NULL) 
  [1m[36m (3.2ms)[0m  [1mCREATE TABLE "photos" ("id" INTEGER PRIMARY KEY AUTOINCREMENT NOT NULL, "undergraduate_id" integer, "college_id" integer, "category" varchar, "created_at" datetime NOT NULL, "updated_at" datetime NOT NULL) [0m
  [1m[35m (1.4ms)[0m  CREATE TABLE "undergraduates" ("id" INTEGER PRIMARY KEY AUTOINCREMENT NOT NULL, "grade" varchar, "hometown" varchar, "activities" varchar, "major" varchar, "minor" varchar, "created_at" datetime NOT NULL, "updated_at" datetime NOT NULL) 
  [1m[36m (1.7ms)[0m  [1mCREATE TABLE "users" ("id" INTEGER PRIMARY KEY AUTOINCREMENT NOT NULL, "name" varchar, "email" varchar, "type" varchar, "password_digest" varchar, "created_at" datetime, "updated_at" datetime) [0m
  [1m[35m (2.6ms)[0m  CREATE TABLE "schema_migrations" ("version" varchar NOT NULL) 
  [1m[36m (0.1ms)[0m  [1mselect sqlite_version(*)[0m
  [1m[35m (2.4ms)[0m  CREATE UNIQUE INDEX "unique_schema_migrations" ON "schema_migrations" ("version")
  [1m[36m (0.4ms)[0m  [1mSELECT version FROM "schema_migrations"[0m
  [1m[35m (1.9ms)[0m  INSERT INTO "schema_migrations" (version) VALUES ('20150322194456')
  [1m[36m (2.3ms)[0m  [1mINSERT INTO "schema_migrations" (version) VALUES ('20150322191621')[0m
  [1m[35m (2.6ms)[0m  INSERT INTO "schema_migrations" (version) VALUES ('20150322191840')
  [1m[36m (3.7ms)[0m  [1mINSERT INTO "schema_migrations" (version) VALUES ('20150322192037')[0m
  [1m[35m (3.0ms)[0m  INSERT INTO "schema_migrations" (version) VALUES ('20150322194102')
  [1m[36m (2.3ms)[0m  [1mCREATE TABLE "bookmarks" ("id" INTEGER PRIMARY KEY AUTOINCREMENT NOT NULL, "high_schooler_id" integer, "undergraduate_id" integer, "created_at" datetime NOT NULL, "updated_at" datetime NOT NULL) [0m
  [1m[35m (1.7ms)[0m  CREATE TABLE "high_schoolers" ("id" INTEGER PRIMARY KEY AUTOINCREMENT NOT NULL, "created_at" datetime NOT NULL, "updated_at" datetime NOT NULL) 
  [1m[36m (1.4ms)[0m  [1mCREATE TABLE "photos" ("id" INTEGER PRIMARY KEY AUTOINCREMENT NOT NULL, "undergraduate_id" integer, "college_id" integer, "category" varchar, "created_at" datetime NOT NULL, "updated_at" datetime NOT NULL) [0m
  [1m[35m (2.5ms)[0m  CREATE TABLE "undergraduates" ("id" INTEGER PRIMARY KEY AUTOINCREMENT NOT NULL, "grade" varchar, "hometown" varchar, "activities" varchar, "major" varchar, "minor" varchar, "created_at" datetime NOT NULL, "updated_at" datetime NOT NULL) 
  [1m[36m (1.7ms)[0m  [1mCREATE TABLE "users" ("id" INTEGER PRIMARY KEY AUTOINCREMENT NOT NULL, "name" varchar, "email" varchar, "type" varchar, "password_digest" varchar, "created_at" datetime, "updated_at" datetime) [0m
  [1m[35m (1.5ms)[0m  CREATE TABLE "schema_migrations" ("version" varchar NOT NULL) 
  [1m[36m (0.1ms)[0m  [1mselect sqlite_version(*)[0m
  [1m[35m (1.8ms)[0m  CREATE UNIQUE INDEX "unique_schema_migrations" ON "schema_migrations" ("version")
  [1m[36m (0.2ms)[0m  [1mSELECT version FROM "schema_migrations"[0m
  [1m[35m (1.7ms)[0m  INSERT INTO "schema_migrations" (version) VALUES ('20150322194456')
  [1m[36m (4.9ms)[0m  [1mINSERT INTO "schema_migrations" (version) VALUES ('20150322191621')[0m
  [1m[35m (2.5ms)[0m  INSERT INTO "schema_migrations" (version) VALUES ('20150322191840')
  [1m[36m (2.6ms)[0m  [1mINSERT INTO "schema_migrations" (version) VALUES ('20150322192037')[0m
  [1m[35m (3.8ms)[0m  INSERT INTO "schema_migrations" (version) VALUES ('20150322194102')
  [1m[36mActiveRecord::SchemaMigration Load (0.2ms)[0m  [1mSELECT "schema_migrations".* FROM "schema_migrations"[0m
  [1m[36mActiveRecord::SchemaMigration Load (0.2ms)[0m  [1mSELECT "schema_migrations".* FROM "schema_migrations"[0m
  [1m[35mActiveRecord::SchemaMigration Load (0.1ms)[0m  SELECT "schema_migrations".* FROM "schema_migrations"
  [1m[36mUser Load (1.9ms)[0m  [1mSELECT "users".* FROM "users"[0m
  [1m[36m (2.8ms)[0m  [1mCREATE TABLE "schema_migrations" ("version" varchar NOT NULL) [0m
  [1m[35m (0.1ms)[0m  select sqlite_version(*)
  [1m[36m (1.8ms)[0m  [1mCREATE UNIQUE INDEX "unique_schema_migrations" ON "schema_migrations" ("version")[0m
  [1m[35mActiveRecord::SchemaMigration Load (0.2ms)[0m  SELECT "schema_migrations".* FROM "schema_migrations"
Migrating to CreateUsers (20150322191621)
  [1m[36m (0.1ms)[0m  [1mbegin transaction[0m
DEPRECATION WARNING: `#timestamp` was called without specifying an option for `null`. In Rails 5, this behavior will change to `null: false`. You should manually specify `null: true` to prevent the behavior of your existing migrations from changing. (called from block in change at /Users/student/Desktop/DBC/Dabunk/db/migrate/20150322191621_create_users.rb:14)
  [1m[35m (0.6ms)[0m  CREATE TABLE "users" ("id" INTEGER PRIMARY KEY AUTOINCREMENT NOT NULL, "name" varchar, "email" varchar, "type" varchar, "password_digest" varchar, "grade" varchar, "hometown" varchar, "activities" varchar, "major" varchar, "minor" varchar, "created_at" datetime, "updated_at" datetime) 
  [1m[36mSQL (0.3ms)[0m  [1mINSERT INTO "schema_migrations" ("version") VALUES (?)[0m  [["version", "20150322191621"]]
  [1m[35m (1.6ms)[0m  commit transaction
Migrating to CreateUndergrads (20150322191840)
  [1m[36m (0.1ms)[0m  [1mbegin transaction[0m
  [1m[35m (0.5ms)[0m  CREATE TABLE "undergrads" ("id" INTEGER PRIMARY KEY AUTOINCREMENT NOT NULL, "created_at" datetime NOT NULL, "updated_at" datetime NOT NULL) 
  [1m[36mSQL (0.2ms)[0m  [1mINSERT INTO "schema_migrations" ("version") VALUES (?)[0m  [["version", "20150322191840"]]
  [1m[35m (1.6ms)[0m  commit transaction
Migrating to CreateHighSchoolers (20150322192037)
  [1m[36m (0.1ms)[0m  [1mbegin transaction[0m
  [1m[35m (0.5ms)[0m  CREATE TABLE "high_schoolers" ("id" INTEGER PRIMARY KEY AUTOINCREMENT NOT NULL, "created_at" datetime NOT NULL, "updated_at" datetime NOT NULL) 
  [1m[36mSQL (0.2ms)[0m  [1mINSERT INTO "schema_migrations" ("version") VALUES (?)[0m  [["version", "20150322192037"]]
  [1m[35m (1.8ms)[0m  commit transaction
Migrating to CreateBookmarks (20150322194102)
  [1m[36m (0.1ms)[0m  [1mbegin transaction[0m
  [1m[35m (0.5ms)[0m  CREATE TABLE "bookmarks" ("id" INTEGER PRIMARY KEY AUTOINCREMENT NOT NULL, "high_schooler_id" integer, "undergrad_id" integer, "created_at" datetime NOT NULL, "updated_at" datetime NOT NULL) 
  [1m[36mSQL (0.2ms)[0m  [1mINSERT INTO "schema_migrations" ("version") VALUES (?)[0m  [["version", "20150322194102"]]
  [1m[35m (1.9ms)[0m  commit transaction
Migrating to CreatePhotos (20150322194456)
  [1m[36m (0.1ms)[0m  [1mbegin transaction[0m
  [1m[35m (0.5ms)[0m  CREATE TABLE "photos" ("id" INTEGER PRIMARY KEY AUTOINCREMENT NOT NULL, "undergrad_id" integer, "college_id" integer, "category" varchar, "created_at" datetime NOT NULL, "updated_at" datetime NOT NULL) 
  [1m[36mSQL (0.2ms)[0m  [1mINSERT INTO "schema_migrations" ("version") VALUES (?)[0m  [["version", "20150322194456"]]
  [1m[35m (1.7ms)[0m  commit transaction
  [1m[36mActiveRecord::SchemaMigration Load (0.1ms)[0m  [1mSELECT "schema_migrations".* FROM "schema_migrations"[0m
  [1m[36mUser Load (1.9ms)[0m  [1mSELECT "users".* FROM "users"[0m
  [1m[35mUndergrad Load (0.3ms)[0m  SELECT "users".* FROM "users" WHERE "users"."type" IN ('Undergrad')
  [1m[36mHighSchooler Load (0.3ms)[0m  [1mSELECT "users".* FROM "users" WHERE "users"."type" IN ('HighSchooler')[0m
  [1m[36m (3.0ms)[0m  [1mCREATE TABLE "schema_migrations" ("version" varchar NOT NULL) [0m
  [1m[35m (0.1ms)[0m  select sqlite_version(*)
  [1m[36m (2.0ms)[0m  [1mCREATE UNIQUE INDEX "unique_schema_migrations" ON "schema_migrations" ("version")[0m
  [1m[35mActiveRecord::SchemaMigration Load (0.1ms)[0m  SELECT "schema_migrations".* FROM "schema_migrations"
Migrating to CreateUsers (20150322191621)
  [1m[36m (0.1ms)[0m  [1mbegin transaction[0m
DEPRECATION WARNING: `#timestamp` was called without specifying an option for `null`. In Rails 5, this behavior will change to `null: false`. You should manually specify `null: true` to prevent the behavior of your existing migrations from changing. (called from block in change at /Users/student/Desktop/DBC/Dabunk/db/migrate/20150322191621_create_users.rb:14)
  [1m[35m (0.6ms)[0m  CREATE TABLE "users" ("id" INTEGER PRIMARY KEY AUTOINCREMENT NOT NULL, "name" varchar, "email" varchar, "type" varchar, "password_digest" varchar, "grade" varchar, "hometown" varchar, "activities" varchar, "major" varchar, "minor" varchar, "created_at" datetime, "updated_at" datetime) 
  [1m[36mSQL (0.3ms)[0m  [1mINSERT INTO "schema_migrations" ("version") VALUES (?)[0m  [["version", "20150322191621"]]
  [1m[35m (2.6ms)[0m  commit transaction
Migrating to CreateUndergrads (20150322191840)
  [1m[36m (0.1ms)[0m  [1mbegin transaction[0m
  [1m[35m (0.5ms)[0m  CREATE TABLE "undergrads" ("id" INTEGER PRIMARY KEY AUTOINCREMENT NOT NULL, "created_at" datetime NOT NULL, "updated_at" datetime NOT NULL) 
  [1m[36mSQL (0.2ms)[0m  [1mINSERT INTO "schema_migrations" ("version") VALUES (?)[0m  [["version", "20150322191840"]]
  [1m[35m (1.6ms)[0m  commit transaction
Migrating to CreateHighSchoolers (20150322192037)
  [1m[36m (0.1ms)[0m  [1mbegin transaction[0m
  [1m[35m (0.5ms)[0m  CREATE TABLE "high_schoolers" ("id" INTEGER PRIMARY KEY AUTOINCREMENT NOT NULL, "created_at" datetime NOT NULL, "updated_at" datetime NOT NULL) 
  [1m[36mSQL (0.2ms)[0m  [1mINSERT INTO "schema_migrations" ("version") VALUES (?)[0m  [["version", "20150322192037"]]
  [1m[35m (1.6ms)[0m  commit transaction
Migrating to CreatePhotos (20150322194456)
  [1m[36m (0.1ms)[0m  [1mbegin transaction[0m
  [1m[35m (0.7ms)[0m  CREATE TABLE "photos" ("id" INTEGER PRIMARY KEY AUTOINCREMENT NOT NULL, "undergrad_id" integer, "college_id" integer, "category" varchar, "created_at" datetime NOT NULL, "updated_at" datetime NOT NULL) 
  [1m[36mSQL (0.2ms)[0m  [1mINSERT INTO "schema_migrations" ("version") VALUES (?)[0m  [["version", "20150322194456"]]
  [1m[35m (2.6ms)[0m  commit transaction
  [1m[36mActiveRecord::SchemaMigration Load (0.1ms)[0m  [1mSELECT "schema_migrations".* FROM "schema_migrations"[0m
  [1m[36mUser Load (1.9ms)[0m  [1mSELECT "users".* FROM "users"[0m
  [1m[35mUndergrad Load (0.3ms)[0m  SELECT "users".* FROM "users" WHERE "users"."type" IN ('Undergrad')
  [1m[36mPhoto Load (0.3ms)[0m  [1mSELECT "photos".* FROM "photos"[0m
  [1m[35mUndergrad Load (0.3ms)[0m  SELECT  "users".* FROM "users" WHERE "users"."type" IN ('Undergrad')  ORDER BY "users"."id" ASC LIMIT 1
  [1m[36m (0.2ms)[0m  [1mbegin transaction[0m
  [1m[35mSQL (0.7ms)[0m  INSERT INTO "users" ("type", "name", "email", "password_digest", "created_at", "updated_at") VALUES (?, ?, ?, ?, ?, ?)  [["type", "Undergrad"], ["name", "cordelia"], ["email", "cordelia.peters@gmail.com"], ["password_digest", "battle"], ["created_at", "2015-03-22 20:06:30.862978"], ["updated_at", "2015-03-22 20:06:30.862978"]]
  [1m[36m (3.0ms)[0m  [1mcommit transaction[0m
  [1m[35m (0.1ms)[0m  begin transaction
  [1m[36mSQL (0.3ms)[0m  [1mINSERT INTO "users" ("type", "name", "email", "password_digest", "created_at", "updated_at") VALUES (?, ?, ?, ?, ?, ?)[0m  [["type", "Undergrad"], ["name", "cordelia"], ["email", "cordelia.peters@gmail.com"], ["password_digest", "$2a$10$vz6fDQbOAvUG5RGuDAjnF.G/nTWym5g4/ff/7HbPX.mgj.LkMKzWi"], ["created_at", "2015-03-22 20:06:44.573662"], ["updated_at", "2015-03-22 20:06:44.573662"]]
  [1m[35m (2.8ms)[0m  commit transaction
  [1m[36m (0.1ms)[0m  [1mbegin transaction[0m
  [1m[35mSQL (0.5ms)[0m  INSERT INTO "users" ("type", "name", "email", "password_digest", "created_at", "updated_at") VALUES (?, ?, ?, ?, ?, ?)  [["type", "Undergrad"], ["name", "cordelia"], ["email", "cordelia.peters@gmail.com"], ["password_digest", "$2a$10$yOz.uUDpRMw4lwcg/U/tR..efpbVryQYp1WPUzrb/DL/mmhraBd9O"], ["created_at", "2015-03-22 20:06:52.941456"], ["updated_at", "2015-03-22 20:06:52.941456"]]
  [1m[36m (2.8ms)[0m  [1mcommit transaction[0m
  [1m[35mUser Load (0.4ms)[0m  SELECT "users".* FROM "users"
  [1m[36mUndergrad Load (0.3ms)[0m  [1mSELECT "users".* FROM "users" WHERE "users"."type" IN ('Undergrad')[0m
  [1m[35mHighSchooler Load (0.3ms)[0m  SELECT "users".* FROM "users" WHERE "users"."type" IN ('HighSchooler')
  [1m[36m (3.0ms)[0m  [1mCREATE TABLE "schema_migrations" ("version" varchar NOT NULL) [0m
  [1m[35m (0.1ms)[0m  select sqlite_version(*)
  [1m[36m (1.6ms)[0m  [1mCREATE UNIQUE INDEX "unique_schema_migrations" ON "schema_migrations" ("version")[0m
  [1m[35mActiveRecord::SchemaMigration Load (0.1ms)[0m  SELECT "schema_migrations".* FROM "schema_migrations"
Migrating to CreateUsers (20150322191621)
  [1m[36m (0.1ms)[0m  [1mbegin transaction[0m
DEPRECATION WARNING: `#timestamp` was called without specifying an option for `null`. In Rails 5, this behavior will change to `null: false`. You should manually specify `null: true` to prevent the behavior of your existing migrations from changing. (called from block in change at /Users/student/Desktop/DBC/Dabunk/db/migrate/20150322191621_create_users.rb:14)
  [1m[35m (0.7ms)[0m  CREATE TABLE "users" ("id" INTEGER PRIMARY KEY AUTOINCREMENT NOT NULL, "name" varchar, "email" varchar, "type" varchar, "password_digest" varchar, "grade" varchar, "hometown" varchar, "activities" varchar, "major" varchar, "minor" varchar, "created_at" datetime, "updated_at" datetime) 
  [1m[36mSQL (0.3ms)[0m  [1mINSERT INTO "schema_migrations" ("version") VALUES (?)[0m  [["version", "20150322191621"]]
  [1m[35m (2.0ms)[0m  commit transaction
Migrating to CreateUndergrads (20150322191840)
  [1m[36m (0.1ms)[0m  [1mbegin transaction[0m
  [1m[35m (0.5ms)[0m  CREATE TABLE "undergrads" ("id" INTEGER PRIMARY KEY AUTOINCREMENT NOT NULL, "created_at" datetime NOT NULL, "updated_at" datetime NOT NULL) 
  [1m[36mSQL (0.2ms)[0m  [1mINSERT INTO "schema_migrations" ("version") VALUES (?)[0m  [["version", "20150322191840"]]
  [1m[35m (1.6ms)[0m  commit transaction
Migrating to CreateStudents (20150322192037)
  [1m[36m (0.1ms)[0m  [1mbegin transaction[0m
  [1m[35m (0.5ms)[0m  CREATE TABLE "students" ("id" INTEGER PRIMARY KEY AUTOINCREMENT NOT NULL, "created_at" datetime NOT NULL, "updated_at" datetime NOT NULL) 
  [1m[36mSQL (0.2ms)[0m  [1mINSERT INTO "schema_migrations" ("version") VALUES (?)[0m  [["version", "20150322192037"]]
  [1m[35m (1.5ms)[0m  commit transaction
Migrating to CreatePhotos (20150322194456)
  [1m[36m (0.1ms)[0m  [1mbegin transaction[0m
  [1m[35m (0.5ms)[0m  CREATE TABLE "photos" ("id" INTEGER PRIMARY KEY AUTOINCREMENT NOT NULL, "undergrad_id" integer, "college_id" integer, "category" varchar, "created_at" datetime NOT NULL, "updated_at" datetime NOT NULL) 
  [1m[36mSQL (0.2ms)[0m  [1mINSERT INTO "schema_migrations" ("version") VALUES (?)[0m  [["version", "20150322194456"]]
  [1m[35m (2.2ms)[0m  commit transaction
  [1m[36mActiveRecord::SchemaMigration Load (0.2ms)[0m  [1mSELECT "schema_migrations".* FROM "schema_migrations"[0m
  [1m[36mActiveRecord::SchemaMigration Load (0.2ms)[0m  [1mSELECT "schema_migrations".* FROM "schema_migrations"[0m
  [1m[35mActiveRecord::SchemaMigration Load (0.1ms)[0m  SELECT "schema_migrations".* FROM "schema_migrations"
  [1m[36mUndergrad Load (0.2ms)[0m  [1mSELECT "users".* FROM "users" WHERE "users"."type" IN ('Undergrad')[0m
  [1m[35mUser Load (0.3ms)[0m  SELECT "users".* FROM "users"
  [1m[36mStudent Load (0.3ms)[0m  [1mSELECT "users".* FROM "users" WHERE "users"."type" IN ('Student')[0m
  [1m[35m (0.2ms)[0m  begin transaction
  [1m[36mSQL (0.7ms)[0m  [1mINSERT INTO "users" ("type", "name", "email", "password_digest", "created_at", "updated_at") VALUES (?, ?, ?, ?, ?, ?)[0m  [["type", "Student"], ["name", "Cordelia"], ["email", "cordelia.peters@gmail.com"], ["password_digest", "$2a$10$j77siPEw20vT/AGx/pLPLu8m9iBkPR.qDzzIp/hTsmfch2Vzp3oZe"], ["created_at", "2015-03-22 20:10:53.172123"], ["updated_at", "2015-03-22 20:10:53.172123"]]
  [1m[35m (1.8ms)[0m  commit transaction
